<?xml version="1.0" encoding="UTF-8"?>
<!-- Generated by org.testng.reporters.JUnitXMLReporter -->
<testsuite ignored="0" hostname="DESKTOP-H0LO3CJ" failures="1" tests="2" name="Test" time="18.73" errors="0" timestamp="2024-01-13T13:31:56 PST">
  <testcase classname="qa.tests.TestCase1" name="sampleMethodForEnteringCredentials" time="2.882">
    <skipped/>
  </testcase> <!-- sampleMethodForEnteringCredentials -->
  <testcase classname="qa.tests.TestCase1" name="sampleMethodForEnteringCredentials" time="2.758">
    <failure type="java.lang.AssertionError" message="Element not found expected [true] but found [false]">
      <![CDATA[java.lang.AssertionError: Element not found expected [true] but found [false]
at pageEvents.LoginPageEvents.verifyIfLoginPageIsLoaded(LoginPageEvents.java:13)
at qa.tests.TestCase1.sampleMethodForEnteringCredentials(TestCase1.java:21)
at java.base/java.util.ArrayList.forEach(ArrayList.java:1511)
... Removed 30 stack frames]]>
    </failure>
  </testcase> <!-- sampleMethodForEnteringCredentials -->
</testsuite> <!-- Test -->
